[ 2018-08-07T19:30:28+08:00 ][ sql ] [ DB ] CONNECT:[ UseTime:0.013001s ] mysql:host=127.0.0.1;dbname=shihuixingdong;charset=utf8
[ 2018-08-07T19:30:28+08:00 ][ sql ] [ SQL ] SHOW TABLE STATUS LIKE 'student' [ RunTime:0.002000s ]
[ 2018-08-07T19:30:28+08:00 ][ sql ] [ SQL ] SHOW TABLE STATUS LIKE 'fa_student' [ RunTime:0.002000s ]
[ 2018-08-07T19:30:28+08:00 ][ sql ] [ SQL ] SELECT * FROM `information_schema`.`columns` WHERE TABLE_SCHEMA = 'shihuixingdong' AND table_name = 'fa_student' ORDER BY ORDINAL_POSITION [ RunTime:0.002000s ]
[ 2018-08-07T21:16:18+08:00 ][ sql ] [ DB ] CONNECT:[ UseTime:0.006000s ] mysql:host=127.0.0.1;dbname=shihuixingdong;charset=utf8
[ 2018-08-07T21:16:18+08:00 ][ sql ] [ SQL ] SHOW COLUMNS FROM `fa_auth_rule` [ RunTime:0.030002s ]
[ 2018-08-07T21:16:18+08:00 ][ sql ] [ SQL ] SELECT * FROM `fa_auth_rule` WHERE  `name` = 'student' LIMIT 1 [ RunTime:0.003000s ]
[ 2018-08-07T21:16:18+08:00 ][ sql ] [ SQL ] SELECT `id` FROM `fa_auth_rule` WHERE  `name` = 'student/index' LIMIT 1 [ RunTime:0.001000s ]
[ 2018-08-07T21:16:18+08:00 ][ sql ] [ SQL ] SELECT `id` FROM `fa_auth_rule` WHERE  `name` = 'student/add' LIMIT 1 [ RunTime:0.000000s ]
[ 2018-08-07T21:16:18+08:00 ][ sql ] [ SQL ] SELECT `id` FROM `fa_auth_rule` WHERE  `name` = 'student/edit' LIMIT 1 [ RunTime:0.001000s ]
[ 2018-08-07T21:16:18+08:00 ][ sql ] [ SQL ] SELECT `id` FROM `fa_auth_rule` WHERE  `name` = 'student/del' LIMIT 1 [ RunTime:0.001000s ]
[ 2018-08-07T21:16:18+08:00 ][ sql ] [ SQL ] SELECT `id` FROM `fa_auth_rule` WHERE  `name` = 'student/multi' LIMIT 1 [ RunTime:0.001000s ]
[ 2018-08-07T21:16:18+08:00 ][ sql ] [ SQL ] INSERT INTO `fa_auth_rule` (`id` , `pid` , `name` , `icon` , `title` , `ismenu` , `status` , `createtime` , `updatetime`) VALUES (NULL , 85 , 'student/index' , 'fa fa-circle-o' , '查看' , 0 , 'normal' , 1533647778 , 1533647778) [ RunTime:0.060003s ]
[ 2018-08-07T21:16:18+08:00 ][ sql ] [ SQL ] INSERT INTO `fa_auth_rule` (`id` , `pid` , `name` , `icon` , `title` , `ismenu` , `status` , `createtime` , `updatetime`) VALUES (NULL , 85 , 'student/add' , 'fa fa-circle-o' , '添加' , 0 , 'normal' , 1533647778 , 1533647778) [ RunTime:0.006001s ]
[ 2018-08-07T21:16:18+08:00 ][ sql ] [ SQL ] INSERT INTO `fa_auth_rule` (`id` , `pid` , `name` , `icon` , `title` , `ismenu` , `status` , `createtime` , `updatetime`) VALUES (NULL , 85 , 'student/edit' , 'fa fa-circle-o' , '编辑' , 0 , 'normal' , 1533647778 , 1533647778) [ RunTime:0.001000s ]
[ 2018-08-07T21:16:18+08:00 ][ sql ] [ SQL ] INSERT INTO `fa_auth_rule` (`id` , `pid` , `name` , `icon` , `title` , `ismenu` , `status` , `createtime` , `updatetime`) VALUES (NULL , 85 , 'student/del' , 'fa fa-circle-o' , '删除' , 0 , 'normal' , 1533647778 , 1533647778) [ RunTime:0.001000s ]
[ 2018-08-07T21:16:18+08:00 ][ sql ] [ SQL ] INSERT INTO `fa_auth_rule` (`id` , `pid` , `name` , `icon` , `title` , `ismenu` , `status` , `createtime` , `updatetime`) VALUES (NULL , 85 , 'student/multi' , 'fa fa-circle-o' , '批量更新' , 0 , 'normal' , 1533647778 , 1533647778) [ RunTime:0.001000s ]
[ 2018-08-07T21:17:26+08:00 ][ sql ] [ DB ] CONNECT:[ UseTime:0.005001s ] mysql:host=127.0.0.1;dbname=shihuixingdong;charset=utf8
[ 2018-08-07T21:17:26+08:00 ][ sql ] [ SQL ] SHOW COLUMNS FROM `fa_auth_rule` [ RunTime:0.017001s ]
[ 2018-08-07T21:17:26+08:00 ][ sql ] [ SQL ] SELECT * FROM `fa_auth_rule` WHERE  `name` = 'student' LIMIT 1 [ RunTime:0.031002s ]
[ 2018-08-07T21:17:26+08:00 ][ sql ] [ SQL ] INSERT INTO `fa_auth_rule` (`pid` , `name` , `title` , `icon` , `remark` , `ismenu` , `status` , `createtime` , `updatetime`) VALUES (0 , 'student' , '学生管理' , 'fa fa-circle-o' , '' , 1 , 'normal' , 1533647846 , 1533647846) [ RunTime:0.062003s ]
[ 2018-08-07T21:17:26+08:00 ][ sql ] [ SQL ] SELECT `id` FROM `fa_auth_rule` WHERE  `name` = 'student/index' LIMIT 1 [ RunTime:0.002000s ]
[ 2018-08-07T21:17:26+08:00 ][ sql ] [ SQL ] SELECT `id` FROM `fa_auth_rule` WHERE  `name` = 'student/add' LIMIT 1 [ RunTime:0.002000s ]
[ 2018-08-07T21:17:26+08:00 ][ sql ] [ SQL ] SELECT `id` FROM `fa_auth_rule` WHERE  `name` = 'student/edit' LIMIT 1 [ RunTime:0.001000s ]
[ 2018-08-07T21:17:26+08:00 ][ sql ] [ SQL ] SELECT `id` FROM `fa_auth_rule` WHERE  `name` = 'student/del' LIMIT 1 [ RunTime:0.001000s ]
[ 2018-08-07T21:17:26+08:00 ][ sql ] [ SQL ] SELECT `id` FROM `fa_auth_rule` WHERE  `name` = 'student/multi' LIMIT 1 [ RunTime:0.001001s ]
[ 2018-08-07T21:17:26+08:00 ][ sql ] [ SQL ] INSERT INTO `fa_auth_rule` (`id` , `pid` , `name` , `icon` , `title` , `ismenu` , `status` , `createtime` , `updatetime`) VALUES (NULL , 92 , 'student/index' , 'fa fa-circle-o' , '查看' , 0 , 'normal' , 1533647846 , 1533647846) [ RunTime:0.074004s ]
[ 2018-08-07T21:17:26+08:00 ][ sql ] [ SQL ] INSERT INTO `fa_auth_rule` (`id` , `pid` , `name` , `icon` , `title` , `ismenu` , `status` , `createtime` , `updatetime`) VALUES (NULL , 92 , 'student/add' , 'fa fa-circle-o' , '添加' , 0 , 'normal' , 1533647846 , 1533647846) [ RunTime:0.106007s ]
[ 2018-08-07T21:17:26+08:00 ][ sql ] [ SQL ] INSERT INTO `fa_auth_rule` (`id` , `pid` , `name` , `icon` , `title` , `ismenu` , `status` , `createtime` , `updatetime`) VALUES (NULL , 92 , 'student/edit' , 'fa fa-circle-o' , '编辑' , 0 , 'normal' , 1533647846 , 1533647846) [ RunTime:0.001000s ]
[ 2018-08-07T21:17:26+08:00 ][ sql ] [ SQL ] INSERT INTO `fa_auth_rule` (`id` , `pid` , `name` , `icon` , `title` , `ismenu` , `status` , `createtime` , `updatetime`) VALUES (NULL , 92 , 'student/del' , 'fa fa-circle-o' , '删除' , 0 , 'normal' , 1533647846 , 1533647846) [ RunTime:0.001000s ]
[ 2018-08-07T21:17:26+08:00 ][ sql ] [ SQL ] INSERT INTO `fa_auth_rule` (`id` , `pid` , `name` , `icon` , `title` , `ismenu` , `status` , `createtime` , `updatetime`) VALUES (NULL , 92 , 'student/multi' , 'fa fa-circle-o' , '批量更新' , 0 , 'normal' , 1533647846 , 1533647846) [ RunTime:0.001000s ]
[ 2018-08-07T21:29:41+08:00 ][ sql ] [ DB ] CONNECT:[ UseTime:0.007000s ] mysql:host=127.0.0.1;dbname=shihuixingdong;charset=utf8
[ 2018-08-07T21:29:41+08:00 ][ sql ] [ SQL ] SHOW TABLE STATUS LIKE 'student' [ RunTime:0.002000s ]
[ 2018-08-07T21:29:41+08:00 ][ sql ] [ SQL ] SHOW TABLE STATUS LIKE 'fa_student' [ RunTime:0.041002s ]
[ 2018-08-07T21:30:06+08:00 ][ sql ] [ DB ] CONNECT:[ UseTime:0.014000s ] mysql:host=127.0.0.1;dbname=shihuixingdong;charset=utf8
[ 2018-08-07T21:30:06+08:00 ][ sql ] [ SQL ] SHOW TABLE STATUS LIKE 'student' [ RunTime:0.002000s ]
[ 2018-08-07T21:30:06+08:00 ][ sql ] [ SQL ] SHOW TABLE STATUS LIKE 'fa_student' [ RunTime:0.025001s ]
[ 2018-08-07T21:30:06+08:00 ][ sql ] [ SQL ] SELECT * FROM `information_schema`.`columns` WHERE TABLE_SCHEMA = 'shihuixingdong' AND table_name = 'fa_student' ORDER BY ORDINAL_POSITION [ RunTime:0.003000s ]
[ 2018-08-07T21:30:14+08:00 ][ sql ] [ DB ] CONNECT:[ UseTime:0.005000s ] mysql:host=127.0.0.1;dbname=shihuixingdong;charset=utf8
[ 2018-08-07T21:30:14+08:00 ][ sql ] [ SQL ] SHOW COLUMNS FROM `fa_auth_rule` [ RunTime:0.015001s ]
[ 2018-08-07T21:30:14+08:00 ][ sql ] [ SQL ] SELECT * FROM `fa_auth_rule` WHERE  `name` = 'student' LIMIT 1 [ RunTime:0.004000s ]
[ 2018-08-07T21:30:14+08:00 ][ sql ] [ SQL ] SELECT `id` FROM `fa_auth_rule` WHERE  `name` = 'student/index' LIMIT 1 [ RunTime:0.001000s ]
[ 2018-08-07T21:30:14+08:00 ][ sql ] [ SQL ] SELECT `id` FROM `fa_auth_rule` WHERE  `name` = 'student/add' LIMIT 1 [ RunTime:0.002000s ]
[ 2018-08-07T21:30:14+08:00 ][ sql ] [ SQL ] SELECT `id` FROM `fa_auth_rule` WHERE  `name` = 'student/edit' LIMIT 1 [ RunTime:0.001000s ]
[ 2018-08-07T21:30:14+08:00 ][ sql ] [ SQL ] SELECT `id` FROM `fa_auth_rule` WHERE  `name` = 'student/del' LIMIT 1 [ RunTime:0.001000s ]
[ 2018-08-07T21:30:14+08:00 ][ sql ] [ SQL ] SELECT `id` FROM `fa_auth_rule` WHERE  `name` = 'student/multi' LIMIT 1 [ RunTime:0.001000s ]
[ 2018-08-07T21:30:14+08:00 ][ sql ] [ SQL ] UPDATE `fa_auth_rule`  SET `pid`=92,`name`='student/index',`icon`='fa fa-circle-o',`title`='查看',`ismenu`=0,`status`='normal',`updatetime`=1533648614  WHERE  `id` = 93 [ RunTime:0.010000s ]
[ 2018-08-07T21:30:14+08:00 ][ sql ] [ SQL ] UPDATE `fa_auth_rule`  SET `pid`=92,`name`='student/add',`icon`='fa fa-circle-o',`title`='添加',`ismenu`=0,`status`='normal',`updatetime`=1533648614  WHERE  `id` = 94 [ RunTime:0.001000s ]
[ 2018-08-07T21:30:14+08:00 ][ sql ] [ SQL ] UPDATE `fa_auth_rule`  SET `pid`=92,`name`='student/edit',`icon`='fa fa-circle-o',`title`='编辑',`ismenu`=0,`status`='normal',`updatetime`=1533648614  WHERE  `id` = 95 [ RunTime:0.001000s ]
[ 2018-08-07T21:30:14+08:00 ][ sql ] [ SQL ] UPDATE `fa_auth_rule`  SET `pid`=92,`name`='student/del',`icon`='fa fa-circle-o',`title`='删除',`ismenu`=0,`status`='normal',`updatetime`=1533648614  WHERE  `id` = 96 [ RunTime:0.000000s ]
[ 2018-08-07T21:30:14+08:00 ][ sql ] [ SQL ] UPDATE `fa_auth_rule`  SET `pid`=92,`name`='student/multi',`icon`='fa fa-circle-o',`title`='批量更新',`ismenu`=0,`status`='normal',`updatetime`=1533648614  WHERE  `id` = 97 [ RunTime:0.001000s ]
[ 2018-08-07T21:31:05+08:00 ][ sql ] [ DB ] CONNECT:[ UseTime:0.005001s ] mysql:host=127.0.0.1;dbname=shihuixingdong;charset=utf8
[ 2018-08-07T21:31:05+08:00 ][ sql ] [ SQL ] SHOW TABLE STATUS LIKE 'student' [ RunTime:0.002000s ]
[ 2018-08-07T21:31:05+08:00 ][ sql ] [ SQL ] SHOW TABLE STATUS LIKE 'fa_student' [ RunTime:0.021001s ]
[ 2018-08-07T21:31:05+08:00 ][ sql ] [ SQL ] SELECT * FROM `information_schema`.`columns` WHERE TABLE_SCHEMA = 'shihuixingdong' AND table_name = 'fa_student' ORDER BY ORDINAL_POSITION [ RunTime:0.003000s ]
[ 2018-08-07T21:31:08+08:00 ][ sql ] [ DB ] CONNECT:[ UseTime:0.017001s ] mysql:host=127.0.0.1;dbname=shihuixingdong;charset=utf8
[ 2018-08-07T21:31:08+08:00 ][ sql ] [ SQL ] SHOW COLUMNS FROM `fa_auth_rule` [ RunTime:0.003000s ]
[ 2018-08-07T21:31:08+08:00 ][ sql ] [ SQL ] SELECT * FROM `fa_auth_rule` WHERE  `name` = 'student' LIMIT 1 [ RunTime:0.002000s ]
[ 2018-08-07T21:31:08+08:00 ][ sql ] [ SQL ] SELECT `id` FROM `fa_auth_rule` WHERE  `name` = 'student/index' LIMIT 1 [ RunTime:0.001000s ]
[ 2018-08-07T21:31:08+08:00 ][ sql ] [ SQL ] SELECT `id` FROM `fa_auth_rule` WHERE  `name` = 'student/add' LIMIT 1 [ RunTime:0.002001s ]
[ 2018-08-07T21:31:08+08:00 ][ sql ] [ SQL ] SELECT `id` FROM `fa_auth_rule` WHERE  `name` = 'student/edit' LIMIT 1 [ RunTime:0.001000s ]
[ 2018-08-07T21:31:08+08:00 ][ sql ] [ SQL ] SELECT `id` FROM `fa_auth_rule` WHERE  `name` = 'student/del' LIMIT 1 [ RunTime:0.002000s ]
[ 2018-08-07T21:31:08+08:00 ][ sql ] [ SQL ] SELECT `id` FROM `fa_auth_rule` WHERE  `name` = 'student/multi' LIMIT 1 [ RunTime:0.001000s ]
[ 2018-08-07T21:31:08+08:00 ][ sql ] [ SQL ] UPDATE `fa_auth_rule`  SET `pid`=92,`name`='student/index',`icon`='fa fa-circle-o',`title`='查看',`ismenu`=0,`status`='normal',`updatetime`=1533648668  WHERE  `id` = 93 [ RunTime:0.120007s ]
[ 2018-08-07T21:31:08+08:00 ][ sql ] [ SQL ] UPDATE `fa_auth_rule`  SET `pid`=92,`name`='student/add',`icon`='fa fa-circle-o',`title`='添加',`ismenu`=0,`status`='normal',`updatetime`=1533648668  WHERE  `id` = 94 [ RunTime:0.001001s ]
[ 2018-08-07T21:31:08+08:00 ][ sql ] [ SQL ] UPDATE `fa_auth_rule`  SET `pid`=92,`name`='student/edit',`icon`='fa fa-circle-o',`title`='编辑',`ismenu`=0,`status`='normal',`updatetime`=1533648668  WHERE  `id` = 95 [ RunTime:0.000000s ]
[ 2018-08-07T21:31:08+08:00 ][ sql ] [ SQL ] UPDATE `fa_auth_rule`  SET `pid`=92,`name`='student/del',`icon`='fa fa-circle-o',`title`='删除',`ismenu`=0,`status`='normal',`updatetime`=1533648668  WHERE  `id` = 96 [ RunTime:0.001000s ]
[ 2018-08-07T21:31:08+08:00 ][ sql ] [ SQL ] UPDATE `fa_auth_rule`  SET `pid`=92,`name`='student/multi',`icon`='fa fa-circle-o',`title`='批量更新',`ismenu`=0,`status`='normal',`updatetime`=1533648668  WHERE  `id` = 97 [ RunTime:0.001000s ]
[ 2018-08-07T21:32:31+08:00 ][ sql ] [ DB ] CONNECT:[ UseTime:0.004001s ] mysql:host=127.0.0.1;dbname=shihuixingdong;charset=utf8
[ 2018-08-07T21:32:31+08:00 ][ sql ] [ SQL ] SHOW TABLE STATUS LIKE 'student' [ RunTime:0.009000s ]
[ 2018-08-07T21:32:31+08:00 ][ sql ] [ SQL ] SHOW TABLE STATUS LIKE 'fa_student' [ RunTime:0.010001s ]
[ 2018-08-07T21:32:31+08:00 ][ sql ] [ SQL ] SELECT * FROM `information_schema`.`columns` WHERE TABLE_SCHEMA = 'shihuixingdong' AND table_name = 'fa_student' ORDER BY ORDINAL_POSITION [ RunTime:0.002000s ]
[ 2018-08-07T21:53:42+08:00 ][ sql ] [ DB ] CONNECT:[ UseTime:0.004000s ] mysql:host=127.0.0.1;dbname=shihuixingdong;charset=utf8
[ 2018-08-07T21:53:42+08:00 ][ sql ] [ SQL ] SHOW TABLE STATUS LIKE 'student' [ RunTime:0.002000s ]
[ 2018-08-07T21:53:42+08:00 ][ sql ] [ SQL ] SHOW TABLE STATUS LIKE 'fa_student' [ RunTime:0.003000s ]
[ 2018-08-07T21:53:42+08:00 ][ sql ] [ SQL ] SELECT * FROM `information_schema`.`columns` WHERE TABLE_SCHEMA = 'shihuixingdong' AND table_name = 'fa_student' ORDER BY ORDINAL_POSITION [ RunTime:0.002000s ]
[ 2018-08-07T22:42:47+08:00 ][ sql ] [ DB ] CONNECT:[ UseTime:0.005001s ] mysql:host=127.0.0.1;dbname=shihuixingdong;charset=utf8
[ 2018-08-07T22:42:47+08:00 ][ sql ] [ SQL ] SHOW TABLE STATUS LIKE 'student' [ RunTime:0.043002s ]
[ 2018-08-07T22:42:47+08:00 ][ sql ] [ SQL ] SHOW TABLE STATUS LIKE 'fa_student' [ RunTime:0.013001s ]
[ 2018-08-07T22:42:47+08:00 ][ sql ] [ SQL ] SELECT * FROM `information_schema`.`columns` WHERE TABLE_SCHEMA = 'shihuixingdong' AND table_name = 'fa_student' ORDER BY ORDINAL_POSITION [ RunTime:0.002000s ]
[ 2018-08-07T22:43:34+08:00 ][ sql ] [ DB ] CONNECT:[ UseTime:0.012001s ] mysql:host=127.0.0.1;dbname=shihuixingdong;charset=utf8
[ 2018-08-07T22:43:34+08:00 ][ sql ] [ SQL ] SHOW TABLE STATUS LIKE 'student' [ RunTime:0.041002s ]
[ 2018-08-07T22:43:34+08:00 ][ sql ] [ SQL ] SHOW TABLE STATUS LIKE 'fa_student' [ RunTime:0.002001s ]
[ 2018-08-07T22:43:34+08:00 ][ sql ] [ SQL ] SELECT * FROM `information_schema`.`columns` WHERE TABLE_SCHEMA = 'shihuixingdong' AND table_name = 'fa_student' ORDER BY ORDINAL_POSITION [ RunTime:0.003000s ]
[ 2018-08-07T22:44:39+08:00 ][ sql ] [ DB ] CONNECT:[ UseTime:0.013001s ] mysql:host=127.0.0.1;dbname=shihuixingdong;charset=utf8
[ 2018-08-07T22:44:39+08:00 ][ sql ] [ SQL ] SHOW TABLE STATUS LIKE 'student' [ RunTime:0.002001s ]
[ 2018-08-07T22:44:39+08:00 ][ sql ] [ SQL ] SHOW TABLE STATUS LIKE 'fa_student' [ RunTime:0.002000s ]
[ 2018-08-07T22:44:39+08:00 ][ sql ] [ SQL ] SELECT * FROM `information_schema`.`columns` WHERE TABLE_SCHEMA = 'shihuixingdong' AND table_name = 'fa_student' ORDER BY ORDINAL_POSITION [ RunTime:0.023001s ]
[ 2018-08-07T22:49:40+08:00 ][ sql ] [ DB ] CONNECT:[ UseTime:0.005000s ] mysql:host=127.0.0.1;dbname=shihuixingdong;charset=utf8
[ 2018-08-07T22:49:40+08:00 ][ sql ] [ SQL ] SHOW TABLE STATUS LIKE 'student' [ RunTime:0.002000s ]
[ 2018-08-07T22:49:40+08:00 ][ sql ] [ SQL ] SHOW TABLE STATUS LIKE 'fa_student' [ RunTime:0.004001s ]
[ 2018-08-07T22:49:40+08:00 ][ sql ] [ SQL ] SELECT * FROM `information_schema`.`columns` WHERE TABLE_SCHEMA = 'shihuixingdong' AND table_name = 'fa_student' ORDER BY ORDINAL_POSITION [ RunTime:0.059003s ]
