[ 2018-08-08T15:05:01+08:00 ][ sql ] [ DB ] CONNECT:[ UseTime:0.012000s ] mysql:host=127.0.0.1;dbname=shihuixingdong;charset=utf8
[ 2018-08-08T15:05:01+08:00 ][ sql ] [ SQL ] SHOW TABLE STATUS LIKE 'student' [ RunTime:0.012000s ]
[ 2018-08-08T15:05:01+08:00 ][ sql ] [ SQL ] SHOW TABLE STATUS LIKE 'fa_student' [ RunTime:0.027002s ]
[ 2018-08-08T15:05:25+08:00 ][ sql ] [ DB ] CONNECT:[ UseTime:0.004000s ] mysql:host=127.0.0.1;dbname=shihuixingdong;charset=utf8
[ 2018-08-08T15:05:25+08:00 ][ sql ] [ SQL ] SHOW TABLE STATUS LIKE 'student' [ RunTime:0.002000s ]
[ 2018-08-08T15:05:25+08:00 ][ sql ] [ SQL ] SHOW TABLE STATUS LIKE 'fa_student' [ RunTime:0.068004s ]
[ 2018-08-08T15:05:31+08:00 ][ sql ] [ DB ] CONNECT:[ UseTime:0.012001s ] mysql:host=127.0.0.1;dbname=shihuixingdong;charset=utf8
[ 2018-08-08T15:05:31+08:00 ][ sql ] [ SQL ] SHOW TABLE STATUS LIKE 'student' [ RunTime:0.002000s ]
[ 2018-08-08T15:05:31+08:00 ][ sql ] [ SQL ] SHOW TABLE STATUS LIKE 'fa_student' [ RunTime:0.014001s ]
[ 2018-08-08T15:05:31+08:00 ][ sql ] [ SQL ] SELECT * FROM `information_schema`.`columns` WHERE TABLE_SCHEMA = 'shihuixingdong' AND table_name = 'fa_student' ORDER BY ORDINAL_POSITION [ RunTime:0.011001s ]
[ 2018-08-08T16:17:58+08:00 ][ sql ] [ DB ] CONNECT:[ UseTime:0.005000s ] mysql:host=127.0.0.1;dbname=shihuixingdong;charset=utf8
[ 2018-08-08T16:17:58+08:00 ][ sql ] [ SQL ] SHOW TABLE STATUS LIKE 'school' [ RunTime:0.002000s ]
[ 2018-08-08T16:17:59+08:00 ][ sql ] [ SQL ] SHOW TABLE STATUS LIKE 'fa_school' [ RunTime:0.023002s ]
[ 2018-08-08T16:17:59+08:00 ][ sql ] [ SQL ] SELECT * FROM `information_schema`.`columns` WHERE TABLE_SCHEMA = 'shihuixingdong' AND table_name = 'fa_school' ORDER BY ORDINAL_POSITION [ RunTime:0.004000s ]
[ 2018-08-08T17:12:59+08:00 ][ sql ] [ DB ] CONNECT:[ UseTime:0.007000s ] mysql:host=127.0.0.1;dbname=shihuixingdong;charset=utf8
[ 2018-08-08T17:12:59+08:00 ][ sql ] [ SQL ] SHOW COLUMNS FROM `fa_auth_rule` [ RunTime:0.002000s ]
[ 2018-08-08T17:12:59+08:00 ][ sql ] [ SQL ] SELECT * FROM `fa_auth_rule` WHERE  `name` = 'school' LIMIT 1 [ RunTime:0.001000s ]
[ 2018-08-08T17:12:59+08:00 ][ sql ] [ SQL ] INSERT INTO `fa_auth_rule` (`pid` , `name` , `title` , `icon` , `remark` , `ismenu` , `status` , `createtime` , `updatetime`) VALUES (0 , 'school' , '学校' , 'fa fa-circle-o' , '' , 1 , 'normal' , 1533719579 , 1533719579) [ RunTime:0.063003s ]
[ 2018-08-08T17:12:59+08:00 ][ sql ] [ SQL ] SELECT `id` FROM `fa_auth_rule` WHERE  `name` = 'school/index' LIMIT 1 [ RunTime:0.001000s ]
[ 2018-08-08T17:12:59+08:00 ][ sql ] [ SQL ] SELECT `id` FROM `fa_auth_rule` WHERE  `name` = 'school/add' LIMIT 1 [ RunTime:0.001000s ]
[ 2018-08-08T17:12:59+08:00 ][ sql ] [ SQL ] SELECT `id` FROM `fa_auth_rule` WHERE  `name` = 'school/edit' LIMIT 1 [ RunTime:0.001000s ]
[ 2018-08-08T17:12:59+08:00 ][ sql ] [ SQL ] SELECT `id` FROM `fa_auth_rule` WHERE  `name` = 'school/del' LIMIT 1 [ RunTime:0.001000s ]
[ 2018-08-08T17:12:59+08:00 ][ sql ] [ SQL ] SELECT `id` FROM `fa_auth_rule` WHERE  `name` = 'school/multi' LIMIT 1 [ RunTime:0.001000s ]
[ 2018-08-08T17:12:59+08:00 ][ sql ] [ SQL ] INSERT INTO `fa_auth_rule` (`id` , `pid` , `name` , `icon` , `title` , `ismenu` , `status` , `createtime` , `updatetime`) VALUES (NULL , 98 , 'school/index' , 'fa fa-circle-o' , '查看' , 0 , 'normal' , 1533719579 , 1533719579) [ RunTime:0.036002s ]
[ 2018-08-08T17:12:59+08:00 ][ sql ] [ SQL ] INSERT INTO `fa_auth_rule` (`id` , `pid` , `name` , `icon` , `title` , `ismenu` , `status` , `createtime` , `updatetime`) VALUES (NULL , 98 , 'school/add' , 'fa fa-circle-o' , '添加' , 0 , 'normal' , 1533719579 , 1533719579) [ RunTime:0.001000s ]
[ 2018-08-08T17:12:59+08:00 ][ sql ] [ SQL ] INSERT INTO `fa_auth_rule` (`id` , `pid` , `name` , `icon` , `title` , `ismenu` , `status` , `createtime` , `updatetime`) VALUES (NULL , 98 , 'school/edit' , 'fa fa-circle-o' , '编辑' , 0 , 'normal' , 1533719579 , 1533719579) [ RunTime:0.001001s ]
[ 2018-08-08T17:12:59+08:00 ][ sql ] [ SQL ] INSERT INTO `fa_auth_rule` (`id` , `pid` , `name` , `icon` , `title` , `ismenu` , `status` , `createtime` , `updatetime`) VALUES (NULL , 98 , 'school/del' , 'fa fa-circle-o' , '删除' , 0 , 'normal' , 1533719579 , 1533719579) [ RunTime:0.000000s ]
[ 2018-08-08T17:12:59+08:00 ][ sql ] [ SQL ] INSERT INTO `fa_auth_rule` (`id` , `pid` , `name` , `icon` , `title` , `ismenu` , `status` , `createtime` , `updatetime`) VALUES (NULL , 98 , 'school/multi' , 'fa fa-circle-o' , '批量更新' , 0 , 'normal' , 1533719579 , 1533719579) [ RunTime:0.015001s ]
