[ 2018-08-10T15:30:00+08:00 ][ info ] [ BEHAVIOR ] Run Closure @app_init [ RunTime:0.000000s ]
[ info ] [ LOG ] INIT File
[ 2018-08-10T15:30:00+08:00 ][ info ] [ CACHE ] INIT File
[ 2018-08-10T15:30:00+08:00 ][ info ] [ BEHAVIOR ] Run Closure @app_init [ RunTime:0.008000s ]
[ 2018-08-10T15:30:00+08:00 ][ info ] [ DB ] INIT mysql
[ 2018-08-10T15:30:00+08:00 ][ sql ] [ DB ] CONNECT:[ UseTime:0.011000s ] mysql:host=127.0.0.1;dbname=shihuixingdong;charset=utf8
[ 2018-08-10T15:30:00+08:00 ][ sql ] [ SQL ] SHOW TABLE STATUS LIKE 'ad' [ RunTime:0.002000s ]
[ 2018-08-10T15:30:00+08:00 ][ sql ] [ SQL ] SHOW TABLE STATUS LIKE 'fa_ad' [ RunTime:0.088005s ]
[ 2018-08-10T15:30:00+08:00 ][ sql ] [ SQL ] SELECT * FROM `information_schema`.`columns` WHERE TABLE_SCHEMA = 'shihuixingdong' AND table_name = 'fa_ad' ORDER BY ORDINAL_POSITION [ RunTime:0.015001s ]
[ 2018-08-10T15:31:35+08:00 ][ info ] [ BEHAVIOR ] Run Closure @app_init [ RunTime:0.000000s ]
[ info ] [ LOG ] INIT File
[ 2018-08-10T15:31:35+08:00 ][ info ] [ CACHE ] INIT File
[ 2018-08-10T15:31:35+08:00 ][ info ] [ BEHAVIOR ] Run Closure @app_init [ RunTime:0.013001s ]
[ 2018-08-10T15:31:35+08:00 ][ info ] [ DB ] INIT mysql
[ 2018-08-10T15:31:35+08:00 ][ info ] [ LANG ] E:\PHPTools\www\shihuixingdong\application\admin\lang/zh-cn.php
[ 2018-08-10T15:31:35+08:00 ][ sql ] [ DB ] CONNECT:[ UseTime:0.005000s ] mysql:host=127.0.0.1;dbname=shihuixingdong;charset=utf8
[ 2018-08-10T15:31:35+08:00 ][ sql ] [ SQL ] SHOW COLUMNS FROM `fa_auth_rule` [ RunTime:0.003000s ]
[ 2018-08-10T15:31:35+08:00 ][ sql ] [ SQL ] SELECT * FROM `fa_auth_rule` WHERE  `name` = 'ad' LIMIT 1 [ RunTime:0.001000s ]
[ 2018-08-10T15:31:35+08:00 ][ sql ] [ SQL ] INSERT INTO `fa_auth_rule` (`pid` , `name` , `title` , `icon` , `remark` , `ismenu` , `status` , `createtime` , `updatetime`) VALUES (0 , 'ad' , 'ad' , 'fa fa-list' , '' , 1 , 'normal' , 1533886295 , 1533886295) [ RunTime:0.094005s ]
[ 2018-08-10T15:31:35+08:00 ][ sql ] [ SQL ] SELECT * FROM `fa_auth_rule` WHERE  `name` = 'ad/ad' LIMIT 1 [ RunTime:0.001000s ]
[ 2018-08-10T15:31:35+08:00 ][ sql ] [ SQL ] INSERT INTO `fa_auth_rule` (`pid` , `name` , `title` , `icon` , `remark` , `ismenu` , `status` , `createtime` , `updatetime`) VALUES (104 , 'ad/ad' , '广告列管理' , 'fa fa-circle-o' , '' , 1 , 'normal' , 1533886295 , 1533886295) [ RunTime:0.059003s ]
[ 2018-08-10T15:31:35+08:00 ][ sql ] [ SQL ] SELECT `id` FROM `fa_auth_rule` WHERE  `name` = 'ad/ad/index' LIMIT 1 [ RunTime:0.002000s ]
[ 2018-08-10T15:31:35+08:00 ][ sql ] [ SQL ] SELECT `id` FROM `fa_auth_rule` WHERE  `name` = 'ad/ad/add' LIMIT 1 [ RunTime:0.002000s ]
[ 2018-08-10T15:31:35+08:00 ][ sql ] [ SQL ] SELECT `id` FROM `fa_auth_rule` WHERE  `name` = 'ad/ad/edit' LIMIT 1 [ RunTime:0.002000s ]
[ 2018-08-10T15:31:35+08:00 ][ sql ] [ SQL ] SELECT `id` FROM `fa_auth_rule` WHERE  `name` = 'ad/ad/del' LIMIT 1 [ RunTime:0.001000s ]
[ 2018-08-10T15:31:35+08:00 ][ sql ] [ SQL ] SELECT `id` FROM `fa_auth_rule` WHERE  `name` = 'ad/ad/multi' LIMIT 1 [ RunTime:0.001000s ]
[ 2018-08-10T15:31:35+08:00 ][ sql ] [ SQL ] INSERT INTO `fa_auth_rule` (`id` , `pid` , `name` , `icon` , `title` , `ismenu` , `status` , `createtime` , `updatetime`) VALUES (NULL , 105 , 'ad/ad/index' , 'fa fa-circle-o' , '查看' , 0 , 'normal' , 1533886295 , 1533886295) [ RunTime:0.061004s ]
[ 2018-08-10T15:31:35+08:00 ][ sql ] [ SQL ] INSERT INTO `fa_auth_rule` (`id` , `pid` , `name` , `icon` , `title` , `ismenu` , `status` , `createtime` , `updatetime`) VALUES (NULL , 105 , 'ad/ad/add' , 'fa fa-circle-o' , '添加' , 0 , 'normal' , 1533886295 , 1533886295) [ RunTime:0.001000s ]
[ 2018-08-10T15:31:35+08:00 ][ sql ] [ SQL ] INSERT INTO `fa_auth_rule` (`id` , `pid` , `name` , `icon` , `title` , `ismenu` , `status` , `createtime` , `updatetime`) VALUES (NULL , 105 , 'ad/ad/edit' , 'fa fa-circle-o' , '编辑' , 0 , 'normal' , 1533886295 , 1533886295) [ RunTime:0.001000s ]
[ 2018-08-10T15:31:35+08:00 ][ sql ] [ SQL ] INSERT INTO `fa_auth_rule` (`id` , `pid` , `name` , `icon` , `title` , `ismenu` , `status` , `createtime` , `updatetime`) VALUES (NULL , 105 , 'ad/ad/del' , 'fa fa-circle-o' , '删除' , 0 , 'normal' , 1533886295 , 1533886295) [ RunTime:0.013001s ]
[ 2018-08-10T15:31:35+08:00 ][ sql ] [ SQL ] INSERT INTO `fa_auth_rule` (`id` , `pid` , `name` , `icon` , `title` , `ismenu` , `status` , `createtime` , `updatetime`) VALUES (NULL , 105 , 'ad/ad/multi' , 'fa fa-circle-o' , '批量更新' , 0 , 'normal' , 1533886295 , 1533886295) [ RunTime:0.001000s ]
[ 2018-08-10T15:32:22+08:00 ][ info ] [ BEHAVIOR ] Run Closure @app_init [ RunTime:0.000000s ]
[ info ] [ LOG ] INIT File
[ 2018-08-10T15:32:22+08:00 ][ info ] [ CACHE ] INIT File
[ 2018-08-10T15:32:22+08:00 ][ info ] [ BEHAVIOR ] Run Closure @app_init [ RunTime:0.011001s ]
[ 2018-08-10T15:32:22+08:00 ][ info ] [ DB ] INIT mysql
[ 2018-08-10T15:32:22+08:00 ][ info ] [ LANG ] E:\PHPTools\www\shihuixingdong\application\admin\lang/zh-cn.php
[ 2018-08-10T15:32:22+08:00 ][ sql ] [ DB ] CONNECT:[ UseTime:0.004000s ] mysql:host=127.0.0.1;dbname=shihuixingdong;charset=utf8
[ 2018-08-10T15:32:22+08:00 ][ sql ] [ SQL ] SHOW COLUMNS FROM `fa_auth_rule` [ RunTime:0.014001s ]
[ 2018-08-10T15:32:22+08:00 ][ sql ] [ SQL ] SELECT * FROM `fa_auth_rule` WHERE  `name` = 'ad' LIMIT 1 [ RunTime:0.013001s ]
[ 2018-08-10T15:32:22+08:00 ][ sql ] [ SQL ] SELECT * FROM `fa_auth_rule` WHERE  `name` = 'ad/ad' LIMIT 1 [ RunTime:0.002000s ]
[ 2018-08-10T15:32:22+08:00 ][ sql ] [ SQL ] SELECT `id` FROM `fa_auth_rule` WHERE  `name` = 'ad/ad/index' LIMIT 1 [ RunTime:0.000000s ]
[ 2018-08-10T15:32:22+08:00 ][ sql ] [ SQL ] SELECT `id` FROM `fa_auth_rule` WHERE  `name` = 'ad/ad/add' LIMIT 1 [ RunTime:0.000000s ]
[ 2018-08-10T15:32:22+08:00 ][ sql ] [ SQL ] SELECT `id` FROM `fa_auth_rule` WHERE  `name` = 'ad/ad/edit' LIMIT 1 [ RunTime:0.001000s ]
[ 2018-08-10T15:32:22+08:00 ][ sql ] [ SQL ] SELECT `id` FROM `fa_auth_rule` WHERE  `name` = 'ad/ad/del' LIMIT 1 [ RunTime:0.000000s ]
[ 2018-08-10T15:32:22+08:00 ][ sql ] [ SQL ] SELECT `id` FROM `fa_auth_rule` WHERE  `name` = 'ad/ad/multi' LIMIT 1 [ RunTime:0.000000s ]
[ 2018-08-10T15:32:22+08:00 ][ sql ] [ SQL ] UPDATE `fa_auth_rule`  SET `pid`=105,`name`='ad/ad/index',`icon`='fa fa-circle-o',`title`='查看',`ismenu`=0,`status`='normal',`updatetime`=1533886342  WHERE  `id` = 106 [ RunTime:0.073004s ]
[ 2018-08-10T15:32:22+08:00 ][ sql ] [ SQL ] UPDATE `fa_auth_rule`  SET `pid`=105,`name`='ad/ad/add',`icon`='fa fa-circle-o',`title`='添加',`ismenu`=0,`status`='normal',`updatetime`=1533886342  WHERE  `id` = 107 [ RunTime:0.001000s ]
[ 2018-08-10T15:32:22+08:00 ][ sql ] [ SQL ] UPDATE `fa_auth_rule`  SET `pid`=105,`name`='ad/ad/edit',`icon`='fa fa-circle-o',`title`='编辑',`ismenu`=0,`status`='normal',`updatetime`=1533886342  WHERE  `id` = 108 [ RunTime:0.001000s ]
[ 2018-08-10T15:32:22+08:00 ][ sql ] [ SQL ] UPDATE `fa_auth_rule`  SET `pid`=105,`name`='ad/ad/del',`icon`='fa fa-circle-o',`title`='删除',`ismenu`=0,`status`='normal',`updatetime`=1533886342  WHERE  `id` = 109 [ RunTime:0.001000s ]
[ 2018-08-10T15:32:22+08:00 ][ sql ] [ SQL ] UPDATE `fa_auth_rule`  SET `pid`=105,`name`='ad/ad/multi',`icon`='fa fa-circle-o',`title`='批量更新',`ismenu`=0,`status`='normal',`updatetime`=1533886342  WHERE  `id` = 110 [ RunTime:0.001000s ]
[ 2018-08-10T15:33:41+08:00 ][ info ] [ BEHAVIOR ] Run Closure @app_init [ RunTime:0.000000s ]
[ info ] [ LOG ] INIT File
[ 2018-08-10T15:33:41+08:00 ][ info ] [ CACHE ] INIT File
[ 2018-08-10T15:33:41+08:00 ][ info ] [ BEHAVIOR ] Run Closure @app_init [ RunTime:0.008001s ]
[ 2018-08-10T15:33:41+08:00 ][ info ] [ DB ] INIT mysql
[ 2018-08-10T15:33:41+08:00 ][ sql ] [ DB ] CONNECT:[ UseTime:0.004001s ] mysql:host=127.0.0.1;dbname=shihuixingdong;charset=utf8
[ 2018-08-10T15:33:41+08:00 ][ sql ] [ SQL ] SHOW TABLE STATUS LIKE 'ad' [ RunTime:0.002000s ]
[ 2018-08-10T15:33:41+08:00 ][ sql ] [ SQL ] SHOW TABLE STATUS LIKE 'fa_ad' [ RunTime:0.106006s ]
[ 2018-08-10T15:33:51+08:00 ][ info ] [ BEHAVIOR ] Run Closure @app_init [ RunTime:0.000000s ]
[ info ] [ LOG ] INIT File
[ 2018-08-10T15:33:51+08:00 ][ info ] [ CACHE ] INIT File
[ 2018-08-10T15:33:51+08:00 ][ info ] [ BEHAVIOR ] Run Closure @app_init [ RunTime:0.008000s ]
[ 2018-08-10T15:33:51+08:00 ][ info ] [ DB ] INIT mysql
[ 2018-08-10T15:33:51+08:00 ][ sql ] [ DB ] CONNECT:[ UseTime:0.005000s ] mysql:host=127.0.0.1;dbname=shihuixingdong;charset=utf8
[ 2018-08-10T15:33:51+08:00 ][ sql ] [ SQL ] SHOW TABLE STATUS LIKE 'ad' [ RunTime:0.002000s ]
[ 2018-08-10T15:33:51+08:00 ][ sql ] [ SQL ] SHOW TABLE STATUS LIKE 'fa_ad' [ RunTime:0.015001s ]
[ 2018-08-10T15:33:51+08:00 ][ sql ] [ SQL ] SELECT * FROM `information_schema`.`columns` WHERE TABLE_SCHEMA = 'shihuixingdong' AND table_name = 'fa_ad' ORDER BY ORDINAL_POSITION [ RunTime:0.008000s ]
[ 2018-08-10T15:34:34+08:00 ][ info ] [ BEHAVIOR ] Run Closure @app_init [ RunTime:0.000000s ]
[ info ] [ LOG ] INIT File
[ 2018-08-10T15:34:34+08:00 ][ info ] [ CACHE ] INIT File
[ 2018-08-10T15:34:34+08:00 ][ info ] [ BEHAVIOR ] Run Closure @app_init [ RunTime:0.011001s ]
[ 2018-08-10T15:34:34+08:00 ][ info ] [ DB ] INIT mysql
[ 2018-08-10T15:34:34+08:00 ][ sql ] [ DB ] CONNECT:[ UseTime:0.006000s ] mysql:host=127.0.0.1;dbname=shihuixingdong;charset=utf8
[ 2018-08-10T15:34:34+08:00 ][ sql ] [ SQL ] SHOW TABLE STATUS LIKE 'ad' [ RunTime:0.011000s ]
[ 2018-08-10T15:34:34+08:00 ][ sql ] [ SQL ] SHOW TABLE STATUS LIKE 'fa_ad' [ RunTime:0.020001s ]
[ 2018-08-10T15:36:34+08:00 ][ info ] [ BEHAVIOR ] Run Closure @app_init [ RunTime:0.000000s ]
[ info ] [ LOG ] INIT File
[ 2018-08-10T15:36:34+08:00 ][ info ] [ CACHE ] INIT File
[ 2018-08-10T15:36:34+08:00 ][ info ] [ BEHAVIOR ] Run Closure @app_init [ RunTime:0.007001s ]
[ 2018-08-10T15:36:34+08:00 ][ info ] [ DB ] INIT mysql
[ 2018-08-10T15:36:34+08:00 ][ sql ] [ DB ] CONNECT:[ UseTime:0.004001s ] mysql:host=127.0.0.1;dbname=shihuixingdong;charset=utf8
[ 2018-08-10T15:36:34+08:00 ][ sql ] [ SQL ] SHOW TABLE STATUS LIKE 'adPostion' [ RunTime:0.002000s ]
[ 2018-08-10T15:36:34+08:00 ][ sql ] [ SQL ] SHOW TABLE STATUS LIKE 'fa_adPostion' [ RunTime:0.002000s ]
[ 2018-08-10T15:36:43+08:00 ][ info ] [ BEHAVIOR ] Run Closure @app_init [ RunTime:0.000000s ]
[ info ] [ LOG ] INIT File
[ 2018-08-10T15:36:43+08:00 ][ info ] [ CACHE ] INIT File
[ 2018-08-10T15:36:43+08:00 ][ info ] [ BEHAVIOR ] Run Closure @app_init [ RunTime:0.007000s ]
[ 2018-08-10T15:36:43+08:00 ][ info ] [ DB ] INIT mysql
[ 2018-08-10T15:36:43+08:00 ][ sql ] [ DB ] CONNECT:[ UseTime:0.004000s ] mysql:host=127.0.0.1;dbname=shihuixingdong;charset=utf8
[ 2018-08-10T15:36:43+08:00 ][ sql ] [ SQL ] SHOW TABLE STATUS LIKE 'adPosition' [ RunTime:0.077004s ]
[ 2018-08-10T15:36:43+08:00 ][ sql ] [ SQL ] SHOW TABLE STATUS LIKE 'fa_adPosition' [ RunTime:0.002001s ]
[ 2018-08-10T15:36:55+08:00 ][ info ] [ BEHAVIOR ] Run Closure @app_init [ RunTime:0.000000s ]
[ info ] [ LOG ] INIT File
[ 2018-08-10T15:36:55+08:00 ][ info ] [ CACHE ] INIT File
[ 2018-08-10T15:36:55+08:00 ][ info ] [ BEHAVIOR ] Run Closure @app_init [ RunTime:0.007000s ]
[ 2018-08-10T15:36:55+08:00 ][ info ] [ DB ] INIT mysql
[ 2018-08-10T15:36:55+08:00 ][ sql ] [ DB ] CONNECT:[ UseTime:0.005000s ] mysql:host=127.0.0.1;dbname=shihuixingdong;charset=utf8
[ 2018-08-10T15:36:55+08:00 ][ sql ] [ SQL ] SHOW TABLE STATUS LIKE 'ad_position' [ RunTime:0.003000s ]
[ 2018-08-10T15:36:55+08:00 ][ sql ] [ SQL ] SHOW TABLE STATUS LIKE 'fa_ad_position' [ RunTime:0.004001s ]
[ 2018-08-10T15:36:56+08:00 ][ sql ] [ SQL ] SELECT * FROM `information_schema`.`columns` WHERE TABLE_SCHEMA = 'shihuixingdong' AND table_name = 'fa_ad_position' ORDER BY ORDINAL_POSITION [ RunTime:0.050003s ]
[ 2018-08-10T15:38:09+08:00 ][ info ] [ BEHAVIOR ] Run Closure @app_init [ RunTime:0.000000s ]
[ info ] [ LOG ] INIT File
[ 2018-08-10T15:38:09+08:00 ][ info ] [ CACHE ] INIT File
[ 2018-08-10T15:38:09+08:00 ][ info ] [ BEHAVIOR ] Run Closure @app_init [ RunTime:0.010000s ]
[ 2018-08-10T15:38:09+08:00 ][ info ] [ DB ] INIT mysql
[ 2018-08-10T15:38:09+08:00 ][ sql ] [ DB ] CONNECT:[ UseTime:0.004001s ] mysql:host=127.0.0.1;dbname=shihuixingdong;charset=utf8
[ 2018-08-10T15:38:09+08:00 ][ sql ] [ SQL ] SHOW TABLE STATUS LIKE 'ad_position' [ RunTime:0.003000s ]
[ 2018-08-10T15:38:09+08:00 ][ sql ] [ SQL ] SHOW TABLE STATUS LIKE 'fa_ad_position' [ RunTime:0.003000s ]
[ 2018-08-10T15:39:29+08:00 ][ info ] [ BEHAVIOR ] Run Closure @app_init [ RunTime:0.001000s ]
[ info ] [ LOG ] INIT File
[ 2018-08-10T15:39:29+08:00 ][ info ] [ CACHE ] INIT File
[ 2018-08-10T15:39:29+08:00 ][ info ] [ BEHAVIOR ] Run Closure @app_init [ RunTime:0.007000s ]
[ 2018-08-10T15:39:29+08:00 ][ info ] [ DB ] INIT mysql
[ 2018-08-10T15:39:29+08:00 ][ sql ] [ DB ] CONNECT:[ UseTime:0.003000s ] mysql:host=127.0.0.1;dbname=shihuixingdong;charset=utf8
[ 2018-08-10T15:39:29+08:00 ][ sql ] [ SQL ] SHOW TABLE STATUS LIKE 'ad_position' [ RunTime:0.014001s ]
[ 2018-08-10T15:39:29+08:00 ][ sql ] [ SQL ] SHOW TABLE STATUS LIKE 'fa_ad_position' [ RunTime:0.008000s ]
[ 2018-08-10T15:39:29+08:00 ][ sql ] [ SQL ] SELECT * FROM `information_schema`.`columns` WHERE TABLE_SCHEMA = 'shihuixingdong' AND table_name = 'fa_ad_position' ORDER BY ORDINAL_POSITION [ RunTime:0.002000s ]
[ 2018-08-10T15:42:22+08:00 ][ info ] [ BEHAVIOR ] Run Closure @app_init [ RunTime:0.000000s ]
[ info ] [ LOG ] INIT File
[ 2018-08-10T15:42:22+08:00 ][ info ] [ CACHE ] INIT File
[ 2018-08-10T15:42:22+08:00 ][ info ] [ BEHAVIOR ] Run Closure @app_init [ RunTime:0.010000s ]
[ 2018-08-10T15:42:22+08:00 ][ info ] [ DB ] INIT mysql
[ 2018-08-10T15:42:22+08:00 ][ info ] [ LANG ] E:\PHPTools\www\shihuixingdong\application\admin\lang/zh-cn.php
[ 2018-08-10T15:42:22+08:00 ][ sql ] [ DB ] CONNECT:[ UseTime:0.005000s ] mysql:host=127.0.0.1;dbname=shihuixingdong;charset=utf8
[ 2018-08-10T15:42:22+08:00 ][ sql ] [ SQL ] SHOW COLUMNS FROM `fa_auth_rule` [ RunTime:0.026002s ]
[ 2018-08-10T15:42:22+08:00 ][ sql ] [ SQL ] SELECT * FROM `fa_auth_rule` WHERE  `name` = 'ad' LIMIT 1 [ RunTime:0.001000s ]
[ 2018-08-10T15:42:22+08:00 ][ sql ] [ SQL ] SELECT * FROM `fa_auth_rule` WHERE  `name` = 'ad/position' LIMIT 1 [ RunTime:0.002000s ]
[ 2018-08-10T15:42:23+08:00 ][ sql ] [ SQL ] INSERT INTO `fa_auth_rule` (`pid` , `name` , `title` , `icon` , `remark` , `ismenu` , `status` , `createtime` , `updatetime`) VALUES (104 , 'ad/position' , '广告位' , 'fa fa-circle-o' , '' , 1 , 'normal' , 1533886942 , 1533886942) [ RunTime:0.181011s ]
[ 2018-08-10T15:42:23+08:00 ][ sql ] [ SQL ] SELECT `id` FROM `fa_auth_rule` WHERE  `name` = 'ad/position/index' LIMIT 1 [ RunTime:0.002000s ]
[ 2018-08-10T15:42:23+08:00 ][ sql ] [ SQL ] SELECT `id` FROM `fa_auth_rule` WHERE  `name` = 'ad/position/add' LIMIT 1 [ RunTime:0.002000s ]
[ 2018-08-10T15:42:23+08:00 ][ sql ] [ SQL ] SELECT `id` FROM `fa_auth_rule` WHERE  `name` = 'ad/position/edit' LIMIT 1 [ RunTime:0.001000s ]
[ 2018-08-10T15:42:23+08:00 ][ sql ] [ SQL ] SELECT `id` FROM `fa_auth_rule` WHERE  `name` = 'ad/position/del' LIMIT 1 [ RunTime:0.001000s ]
[ 2018-08-10T15:42:23+08:00 ][ sql ] [ SQL ] SELECT `id` FROM `fa_auth_rule` WHERE  `name` = 'ad/position/multi' LIMIT 1 [ RunTime:0.001000s ]
[ 2018-08-10T15:42:23+08:00 ][ sql ] [ SQL ] INSERT INTO `fa_auth_rule` (`id` , `pid` , `name` , `icon` , `title` , `ismenu` , `status` , `createtime` , `updatetime`) VALUES (NULL , 111 , 'ad/position/index' , 'fa fa-circle-o' , '查看' , 0 , 'normal' , 1533886943 , 1533886943) [ RunTime:0.018001s ]
[ 2018-08-10T15:42:23+08:00 ][ sql ] [ SQL ] INSERT INTO `fa_auth_rule` (`id` , `pid` , `name` , `icon` , `title` , `ismenu` , `status` , `createtime` , `updatetime`) VALUES (NULL , 111 , 'ad/position/add' , 'fa fa-circle-o' , '添加' , 0 , 'normal' , 1533886943 , 1533886943) [ RunTime:0.001000s ]
[ 2018-08-10T15:42:23+08:00 ][ sql ] [ SQL ] INSERT INTO `fa_auth_rule` (`id` , `pid` , `name` , `icon` , `title` , `ismenu` , `status` , `createtime` , `updatetime`) VALUES (NULL , 111 , 'ad/position/edit' , 'fa fa-circle-o' , '编辑' , 0 , 'normal' , 1533886943 , 1533886943) [ RunTime:0.000000s ]
[ 2018-08-10T15:42:23+08:00 ][ sql ] [ SQL ] INSERT INTO `fa_auth_rule` (`id` , `pid` , `name` , `icon` , `title` , `ismenu` , `status` , `createtime` , `updatetime`) VALUES (NULL , 111 , 'ad/position/del' , 'fa fa-circle-o' , '删除' , 0 , 'normal' , 1533886943 , 1533886943) [ RunTime:0.001000s ]
[ 2018-08-10T15:42:23+08:00 ][ sql ] [ SQL ] INSERT INTO `fa_auth_rule` (`id` , `pid` , `name` , `icon` , `title` , `ismenu` , `status` , `createtime` , `updatetime`) VALUES (NULL , 111 , 'ad/position/multi' , 'fa fa-circle-o' , '批量更新' , 0 , 'normal' , 1533886943 , 1533886943) [ RunTime:0.001001s ]
[ 2018-08-10T16:03:07+08:00 ][ info ] [ BEHAVIOR ] Run Closure @app_init [ RunTime:0.001000s ]
[ info ] [ LOG ] INIT File
[ 2018-08-10T16:03:07+08:00 ][ info ] [ CACHE ] INIT File
[ 2018-08-10T16:03:07+08:00 ][ info ] [ BEHAVIOR ] Run Closure @app_init [ RunTime:0.009001s ]
[ 2018-08-10T16:03:29+08:00 ][ info ] [ BEHAVIOR ] Run Closure @app_init [ RunTime:0.001000s ]
[ info ] [ LOG ] INIT File
[ 2018-08-10T16:03:29+08:00 ][ info ] [ CACHE ] INIT File
[ 2018-08-10T16:03:29+08:00 ][ info ] [ BEHAVIOR ] Run Closure @app_init [ RunTime:0.014001s ]
[ 2018-08-10T16:03:29+08:00 ][ info ] [ DB ] INIT mysql
[ 2018-08-10T16:03:29+08:00 ][ sql ] [ DB ] CONNECT:[ UseTime:0.005000s ] mysql:host=127.0.0.1;dbname=shihuixingdong;charset=utf8
[ 2018-08-10T16:03:29+08:00 ][ sql ] [ SQL ] SHOW TABLE STATUS LIKE 'ad' [ RunTime:0.055003s ]
[ 2018-08-10T16:03:29+08:00 ][ sql ] [ SQL ] SHOW TABLE STATUS LIKE 'fa_ad' [ RunTime:0.022001s ]
[ 2018-08-10T16:03:37+08:00 ][ info ] [ BEHAVIOR ] Run Closure @app_init [ RunTime:0.001000s ]
[ info ] [ LOG ] INIT File
[ 2018-08-10T16:03:37+08:00 ][ info ] [ CACHE ] INIT File
[ 2018-08-10T16:03:37+08:00 ][ info ] [ BEHAVIOR ] Run Closure @app_init [ RunTime:0.007000s ]
[ 2018-08-10T16:03:37+08:00 ][ info ] [ DB ] INIT mysql
[ 2018-08-10T16:03:37+08:00 ][ sql ] [ DB ] CONNECT:[ UseTime:0.004000s ] mysql:host=127.0.0.1;dbname=shihuixingdong;charset=utf8
[ 2018-08-10T16:03:37+08:00 ][ sql ] [ SQL ] SHOW TABLE STATUS LIKE 'ad' [ RunTime:0.003000s ]
[ 2018-08-10T16:03:37+08:00 ][ sql ] [ SQL ] SHOW TABLE STATUS LIKE 'fa_ad' [ RunTime:0.076005s ]
[ 2018-08-10T16:03:37+08:00 ][ sql ] [ SQL ] SELECT * FROM `information_schema`.`columns` WHERE TABLE_SCHEMA = 'shihuixingdong' AND table_name = 'fa_ad' ORDER BY ORDINAL_POSITION [ RunTime:0.002000s ]
[ 2018-08-10T16:03:59+08:00 ][ info ] [ BEHAVIOR ] Run Closure @app_init [ RunTime:0.001000s ]
[ info ] [ LOG ] INIT File
[ 2018-08-10T16:03:59+08:00 ][ info ] [ CACHE ] INIT File
[ 2018-08-10T16:03:59+08:00 ][ info ] [ BEHAVIOR ] Run Closure @app_init [ RunTime:0.010001s ]
[ 2018-08-10T16:03:59+08:00 ][ info ] [ DB ] INIT mysql
[ 2018-08-10T16:03:59+08:00 ][ sql ] [ DB ] CONNECT:[ UseTime:0.004000s ] mysql:host=127.0.0.1;dbname=shihuixingdong;charset=utf8
[ 2018-08-10T16:03:59+08:00 ][ sql ] [ SQL ] SHOW TABLE STATUS LIKE 'ad_position' [ RunTime:0.010000s ]
[ 2018-08-10T16:03:59+08:00 ][ sql ] [ SQL ] SHOW TABLE STATUS LIKE 'fa_ad_position' [ RunTime:0.002000s ]
[ 2018-08-10T16:03:59+08:00 ][ sql ] [ SQL ] SELECT * FROM `information_schema`.`columns` WHERE TABLE_SCHEMA = 'shihuixingdong' AND table_name = 'fa_ad_position' ORDER BY ORDINAL_POSITION [ RunTime:0.001000s ]
