[ 2018-08-13T16:56:55+08:00 ][ info ] [ BEHAVIOR ] Run Closure @app_init [ RunTime:0.000000s ]
[ info ] [ LOG ] INIT File
[ 2018-08-13T16:56:55+08:00 ][ info ] [ CACHE ] INIT File
[ 2018-08-13T16:56:55+08:00 ][ info ] [ BEHAVIOR ] Run Closure @app_init [ RunTime:0.010000s ]
[ 2018-08-13T16:56:56+08:00 ][ info ] [ DB ] INIT mysql
[ 2018-08-13T16:56:56+08:00 ][ sql ] [ DB ] CONNECT:[ UseTime:0.003000s ] mysql:host=127.0.0.1;dbname=shihuixingdong;charset=utf8
[ 2018-08-13T16:56:56+08:00 ][ sql ] [ SQL ] SHOW TABLE STATUS LIKE 'article' [ RunTime:0.012001s ]
[ 2018-08-13T16:56:56+08:00 ][ sql ] [ SQL ] SHOW TABLE STATUS LIKE 'fa_article' [ RunTime:0.047003s ]
[ 2018-08-13T16:56:56+08:00 ][ sql ] [ SQL ] SELECT * FROM `information_schema`.`columns` WHERE TABLE_SCHEMA = 'shihuixingdong' AND table_name = 'fa_article' ORDER BY ORDINAL_POSITION [ RunTime:0.021002s ]
[ 2018-08-13T16:58:34+08:00 ][ info ] [ BEHAVIOR ] Run Closure @app_init [ RunTime:0.001000s ]
[ info ] [ LOG ] INIT File
[ 2018-08-13T16:58:34+08:00 ][ info ] [ CACHE ] INIT File
[ 2018-08-13T16:58:34+08:00 ][ info ] [ BEHAVIOR ] Run Closure @app_init [ RunTime:0.007001s ]
[ 2018-08-13T17:04:51+08:00 ][ info ] [ BEHAVIOR ] Run Closure @app_init [ RunTime:0.000000s ]
[ info ] [ LOG ] INIT File
[ 2018-08-13T17:04:51+08:00 ][ info ] [ CACHE ] INIT File
[ 2018-08-13T17:04:51+08:00 ][ info ] [ BEHAVIOR ] Run Closure @app_init [ RunTime:0.008000s ]
[ 2018-08-13T17:04:51+08:00 ][ info ] [ DB ] INIT mysql
[ 2018-08-13T17:04:51+08:00 ][ info ] [ LANG ] E:\PHPTools\www\shihuixingdong\application\admin\lang/zh-cn.php
[ 2018-08-13T17:04:51+08:00 ][ sql ] [ DB ] CONNECT:[ UseTime:0.004000s ] mysql:host=127.0.0.1;dbname=shihuixingdong;charset=utf8
[ 2018-08-13T17:04:51+08:00 ][ sql ] [ SQL ] SHOW COLUMNS FROM `fa_auth_rule` [ RunTime:0.032002s ]
[ 2018-08-13T17:04:51+08:00 ][ sql ] [ SQL ] SELECT * FROM `fa_auth_rule` WHERE  `name` = 'article' LIMIT 1 [ RunTime:0.007001s ]
[ 2018-08-13T17:04:51+08:00 ][ sql ] [ SQL ] INSERT INTO `fa_auth_rule` (`pid` , `name` , `title` , `icon` , `remark` , `ismenu` , `status` , `createtime` , `updatetime`) VALUES (0 , 'article' , 'Article' , 'fa fa-circle-o' , '' , 1 , 'normal' , 1534151091 , 1534151091) [ RunTime:0.083005s ]
[ 2018-08-13T17:04:51+08:00 ][ sql ] [ SQL ] SELECT `id` FROM `fa_auth_rule` WHERE  `name` = 'article/index' LIMIT 1 [ RunTime:0.001000s ]
[ 2018-08-13T17:04:51+08:00 ][ sql ] [ SQL ] SELECT `id` FROM `fa_auth_rule` WHERE  `name` = 'article/add' LIMIT 1 [ RunTime:0.001000s ]
[ 2018-08-13T17:04:51+08:00 ][ sql ] [ SQL ] SELECT `id` FROM `fa_auth_rule` WHERE  `name` = 'article/edit' LIMIT 1 [ RunTime:0.018001s ]
[ 2018-08-13T17:04:51+08:00 ][ sql ] [ SQL ] SELECT `id` FROM `fa_auth_rule` WHERE  `name` = 'article/del' LIMIT 1 [ RunTime:0.001000s ]
[ 2018-08-13T17:04:51+08:00 ][ sql ] [ SQL ] SELECT `id` FROM `fa_auth_rule` WHERE  `name` = 'article/multi' LIMIT 1 [ RunTime:0.010000s ]
[ 2018-08-13T17:04:51+08:00 ][ sql ] [ SQL ] INSERT INTO `fa_auth_rule` (`id` , `pid` , `name` , `icon` , `title` , `ismenu` , `status` , `createtime` , `updatetime`) VALUES (NULL , 117 , 'article/index' , 'fa fa-circle-o' , '查看' , 0 , 'normal' , 1534151091 , 1534151091) [ RunTime:0.040002s ]
[ 2018-08-13T17:04:51+08:00 ][ sql ] [ SQL ] INSERT INTO `fa_auth_rule` (`id` , `pid` , `name` , `icon` , `title` , `ismenu` , `status` , `createtime` , `updatetime`) VALUES (NULL , 117 , 'article/add' , 'fa fa-circle-o' , '添加' , 0 , 'normal' , 1534151091 , 1534151091) [ RunTime:0.002001s ]
[ 2018-08-13T17:04:51+08:00 ][ sql ] [ SQL ] INSERT INTO `fa_auth_rule` (`id` , `pid` , `name` , `icon` , `title` , `ismenu` , `status` , `createtime` , `updatetime`) VALUES (NULL , 117 , 'article/edit' , 'fa fa-circle-o' , '编辑' , 0 , 'normal' , 1534151091 , 1534151091) [ RunTime:0.000000s ]
[ 2018-08-13T17:04:51+08:00 ][ sql ] [ SQL ] INSERT INTO `fa_auth_rule` (`id` , `pid` , `name` , `icon` , `title` , `ismenu` , `status` , `createtime` , `updatetime`) VALUES (NULL , 117 , 'article/del' , 'fa fa-circle-o' , '删除' , 0 , 'normal' , 1534151091 , 1534151091) [ RunTime:0.001000s ]
[ 2018-08-13T17:04:51+08:00 ][ sql ] [ SQL ] INSERT INTO `fa_auth_rule` (`id` , `pid` , `name` , `icon` , `title` , `ismenu` , `status` , `createtime` , `updatetime`) VALUES (NULL , 117 , 'article/multi' , 'fa fa-circle-o' , '批量更新' , 0 , 'normal' , 1534151091 , 1534151091) [ RunTime:0.001000s ]
[ 2018-08-13T17:19:59+08:00 ][ info ] [ BEHAVIOR ] Run Closure @app_init [ RunTime:0.000000s ]
[ info ] [ LOG ] INIT File
[ 2018-08-13T17:19:59+08:00 ][ info ] [ CACHE ] INIT File
[ 2018-08-13T17:19:59+08:00 ][ info ] [ BEHAVIOR ] Run Closure @app_init [ RunTime:0.010001s ]
[ 2018-08-13T17:20:11+08:00 ][ info ] [ BEHAVIOR ] Run Closure @app_init [ RunTime:0.001000s ]
[ info ] [ LOG ] INIT File
[ 2018-08-13T17:20:11+08:00 ][ info ] [ CACHE ] INIT File
[ 2018-08-13T17:20:11+08:00 ][ info ] [ BEHAVIOR ] Run Closure @app_init [ RunTime:0.012001s ]
[ 2018-08-13T17:20:11+08:00 ][ info ] [ DB ] INIT mysql
[ 2018-08-13T17:20:11+08:00 ][ sql ] [ DB ] CONNECT:[ UseTime:0.003001s ] mysql:host=127.0.0.1;dbname=shihuixingdong;charset=utf8
[ 2018-08-13T17:20:11+08:00 ][ sql ] [ SQL ] SHOW TABLE STATUS LIKE 'article' [ RunTime:0.082004s ]
[ 2018-08-13T17:20:11+08:00 ][ sql ] [ SQL ] SHOW TABLE STATUS LIKE 'fa_article' [ RunTime:0.011001s ]
[ 2018-08-13T17:20:11+08:00 ][ sql ] [ SQL ] SELECT * FROM `information_schema`.`columns` WHERE TABLE_SCHEMA = 'shihuixingdong' AND table_name = 'fa_article' ORDER BY ORDINAL_POSITION [ RunTime:0.002001s ]
[ 2018-08-13T17:20:47+08:00 ][ info ] [ BEHAVIOR ] Run Closure @app_init [ RunTime:0.001000s ]
[ info ] [ LOG ] INIT File
[ 2018-08-13T17:20:47+08:00 ][ info ] [ CACHE ] INIT File
[ 2018-08-13T17:20:47+08:00 ][ info ] [ BEHAVIOR ] Run Closure @app_init [ RunTime:0.010001s ]
[ 2018-08-13T17:20:47+08:00 ][ info ] [ DB ] INIT mysql
[ 2018-08-13T17:20:47+08:00 ][ sql ] [ DB ] CONNECT:[ UseTime:0.003000s ] mysql:host=127.0.0.1;dbname=shihuixingdong;charset=utf8
[ 2018-08-13T17:20:47+08:00 ][ sql ] [ SQL ] SHOW TABLE STATUS LIKE 'article' [ RunTime:0.002000s ]
[ 2018-08-13T17:20:47+08:00 ][ sql ] [ SQL ] SHOW TABLE STATUS LIKE 'fa_article' [ RunTime:0.004000s ]
[ 2018-08-13T17:20:47+08:00 ][ sql ] [ SQL ] SELECT * FROM `information_schema`.`columns` WHERE TABLE_SCHEMA = 'shihuixingdong' AND table_name = 'fa_article' ORDER BY ORDINAL_POSITION [ RunTime:0.002000s ]
[ 2018-08-13T17:22:08+08:00 ][ info ] [ BEHAVIOR ] Run Closure @app_init [ RunTime:0.000000s ]
[ info ] [ LOG ] INIT File
[ 2018-08-13T17:22:08+08:00 ][ info ] [ CACHE ] INIT File
[ 2018-08-13T17:22:08+08:00 ][ info ] [ BEHAVIOR ] Run Closure @app_init [ RunTime:0.010001s ]
[ 2018-08-13T17:22:08+08:00 ][ info ] [ DB ] INIT mysql
[ 2018-08-13T17:22:08+08:00 ][ sql ] [ DB ] CONNECT:[ UseTime:0.004000s ] mysql:host=127.0.0.1;dbname=shihuixingdong;charset=utf8
[ 2018-08-13T17:22:08+08:00 ][ sql ] [ SQL ] SHOW TABLE STATUS LIKE 'article' [ RunTime:0.002000s ]
[ 2018-08-13T17:22:08+08:00 ][ sql ] [ SQL ] SHOW TABLE STATUS LIKE 'fa_article' [ RunTime:0.011001s ]
[ 2018-08-13T17:22:08+08:00 ][ sql ] [ SQL ] SELECT * FROM `information_schema`.`columns` WHERE TABLE_SCHEMA = 'shihuixingdong' AND table_name = 'fa_article' ORDER BY ORDINAL_POSITION [ RunTime:0.004000s ]
