---------------------------------------------------------------
[ 2018-08-19T22:55:57+08:00 ] 127.0.0.1 GET /static/images/code.png
[ info ] shihuixingdong.localhost.com/static/images/code.png [运行时间：0.143009s][吞吐率：6.99req/s] [内存消耗：2,745.30kb] [文件加载：56]
[ info ] [ BEHAVIOR ] Run Closure @app_init [ RunTime:0.001000s ]
[ info ] [ CACHE ] INIT File
[ info ] [ BEHAVIOR ] Run Closure @app_init [ RunTime:0.019001s ]
[ info ] [ LANG ] E:\PHPTools\www\shihuixingdong\thinkphp\lang\zh-cn.php
[ info ] [ ROUTE ] array (
  'type' => 'module',
  'module' => 
  array (
    0 => 'static',
    1 => 'images',
    2 => 'code.png',
  ),
)
[ info ] [ HEADER ] array (
  'host' => 'shihuixingdong.localhost.com',
  'connection' => 'keep-alive',
  'user-agent' => 'Mozilla/5.0 (Windows NT 6.1; Win64; x64) AppleWebKit/537.36 (KHTML, like Gecko) Chrome/66.0.3359.139 Safari/537.36',
  'accept' => 'image/webp,image/apng,image/*,*/*;q=0.8',
  'referer' => 'http://shihuixingdong.localhost.com/',
  'accept-encoding' => 'gzip, deflate',
  'accept-language' => 'zh-CN,zh;q=0.9',
  'cookie' => 'Hm_lvt_f8d0a8c400404989e195270b0bbf060a=1533472825; PHPSESSID=h4gknao50ad2puubv1rt8l1p83; Hm_lpvt_f8d0a8c400404989e195270b0bbf060a=1533720091; yindao=1; UM_distinctid=1652d6494214-055041ad19c93b-3c3c5905-100200-1652d64942221; TZhhQ_account_type=2223R5qnowPpVvhKO6qU-F3RKOc1WyWSTktmFeFceabrkQ; TZhhQ_forget_account=31d5cn22BRBxHevNFyQ48zIKrER-1dw1cbT5_4tv5sSpc5837mx-; uid=2; TZhhQ_admin_username=3abcSyKg43LqHwkyZLXYMuLYyPKjw9Mxd_QSl2qXvM71NvI; TZhhQ_siteid=ed8elCIHWHlPgHsUaeAs22YjsYayYO8jCA9mzUIp; TZhhQ_userid=ed8e7f-WBkOk5U4b46r7GUwZPVeh6WVvJ8-fUk5e; TZhhQ_admin_email=ed8e6XXtckxPhZGYcofShldiVvYThgSs5M4Nywfc0IY0LGioMQC8gvSIfas; TZhhQ_sys_lang=79edyCuXa5OzKDxivxsBWid25OP0RLXtV0fwjAP8h8jwlg; TZhhQ_auth=6e5cSlzmV6c73utyLirOZc3GUa-VikobkJ7ZC-zF_Akf-z-Q3yvlmEsxxn9cJzj2gqWkhxT2dy53SRWqxujv1E6KmODeu2tvn7paZ7M5h5cIYJdvkavgUefV0bwzzK4wGPo3i1IjwwjtP-SCNUVqgQLwclfVWtQ; TZhhQ__userid=8930UAmwauW-PCsrG-130YXcCN1K8OkmJD_9DHbj8KA_NQ; TZhhQ__username=8930HT_0Zu-zuS36_TL-mG4kofc9X06KQcUbLN68A90ueKidZle9; TZhhQ__nickname=8930rJxK_W9s7xvIaQlSfUEsqriWPT7SP2wIpKwHCaEQweN4Hi1Bhw; token=5fe40e47-4050-4828-b013-087587deab72',
)
[ info ] [ PARAM ] array (
)
[ info ] [ LOG ] INIT File
