[ 2018-08-22T11:33:35+08:00 ][ info ] [ BEHAVIOR ] Run Closure @app_init [ RunTime:0.002000s ]
[ info ] [ LOG ] INIT File
[ 2018-08-22T11:33:35+08:00 ][ info ] [ CACHE ] INIT File
[ 2018-08-22T11:33:35+08:00 ][ info ] [ BEHAVIOR ] Run Closure @app_init [ RunTime:0.024002s ]
[ 2018-08-22T11:33:36+08:00 ][ info ] [ DB ] INIT mysql
[ 2018-08-22T11:33:36+08:00 ][ info ] [ LANG ] E:\PHPTools\www\shihuixingdong\application\admin\lang/zh-cn.php
[ 2018-08-22T11:33:36+08:00 ][ sql ] [ DB ] CONNECT:[ UseTime:0.003000s ] mysql:host=127.0.0.1;dbname=shihuixingdong;charset=utf8
[ 2018-08-22T11:33:36+08:00 ][ sql ] [ SQL ] SHOW COLUMNS FROM `fa_auth_rule` [ RunTime:0.266015s ]
[ 2018-08-22T11:33:36+08:00 ][ sql ] [ SQL ] SELECT * FROM `fa_auth_rule` WHERE  `name` = 'donation' LIMIT 1 [ RunTime:0.094006s ]
[ 2018-08-22T11:33:37+08:00 ][ sql ] [ SQL ] INSERT INTO `fa_auth_rule` (`pid` , `name` , `title` , `icon` , `remark` , `ismenu` , `status` , `createtime` , `updatetime`) VALUES (0 , 'donation' , 'Donation' , 'fa fa-circle-o' , '' , 1 , 'normal' , 1534908816 , 1534908816) [ RunTime:0.527030s ]
[ 2018-08-22T11:33:37+08:00 ][ sql ] [ SQL ] SELECT `id` FROM `fa_auth_rule` WHERE  `name` = 'donation/index' LIMIT 1 [ RunTime:0.017001s ]
[ 2018-08-22T11:33:37+08:00 ][ sql ] [ SQL ] SELECT `id` FROM `fa_auth_rule` WHERE  `name` = 'donation/add' LIMIT 1 [ RunTime:0.002000s ]
[ 2018-08-22T11:33:37+08:00 ][ sql ] [ SQL ] SELECT `id` FROM `fa_auth_rule` WHERE  `name` = 'donation/edit' LIMIT 1 [ RunTime:0.001000s ]
[ 2018-08-22T11:33:37+08:00 ][ sql ] [ SQL ] SELECT `id` FROM `fa_auth_rule` WHERE  `name` = 'donation/del' LIMIT 1 [ RunTime:0.001000s ]
[ 2018-08-22T11:33:37+08:00 ][ sql ] [ SQL ] SELECT `id` FROM `fa_auth_rule` WHERE  `name` = 'donation/multi' LIMIT 1 [ RunTime:0.001000s ]
[ 2018-08-22T11:33:37+08:00 ][ sql ] [ SQL ] INSERT INTO `fa_auth_rule` (`id` , `pid` , `name` , `icon` , `title` , `ismenu` , `status` , `createtime` , `updatetime`) VALUES (NULL , 123 , 'donation/index' , 'fa fa-circle-o' , '查看' , 0 , 'normal' , 1534908817 , 1534908817) [ RunTime:0.061004s ]
[ 2018-08-22T11:33:37+08:00 ][ sql ] [ SQL ] INSERT INTO `fa_auth_rule` (`id` , `pid` , `name` , `icon` , `title` , `ismenu` , `status` , `createtime` , `updatetime`) VALUES (NULL , 123 , 'donation/add' , 'fa fa-circle-o' , '添加' , 0 , 'normal' , 1534908817 , 1534908817) [ RunTime:0.017001s ]
[ 2018-08-22T11:33:37+08:00 ][ sql ] [ SQL ] INSERT INTO `fa_auth_rule` (`id` , `pid` , `name` , `icon` , `title` , `ismenu` , `status` , `createtime` , `updatetime`) VALUES (NULL , 123 , 'donation/edit' , 'fa fa-circle-o' , '编辑' , 0 , 'normal' , 1534908817 , 1534908817) [ RunTime:0.006001s ]
[ 2018-08-22T11:33:37+08:00 ][ sql ] [ SQL ] INSERT INTO `fa_auth_rule` (`id` , `pid` , `name` , `icon` , `title` , `ismenu` , `status` , `createtime` , `updatetime`) VALUES (NULL , 123 , 'donation/del' , 'fa fa-circle-o' , '删除' , 0 , 'normal' , 1534908817 , 1534908817) [ RunTime:0.009000s ]
[ 2018-08-22T11:33:37+08:00 ][ sql ] [ SQL ] INSERT INTO `fa_auth_rule` (`id` , `pid` , `name` , `icon` , `title` , `ismenu` , `status` , `createtime` , `updatetime`) VALUES (NULL , 123 , 'donation/multi' , 'fa fa-circle-o' , '批量更新' , 0 , 'normal' , 1534908817 , 1534908817) [ RunTime:0.010001s ]
[ 2018-08-22T14:01:44+08:00 ][ info ] [ BEHAVIOR ] Run Closure @app_init [ RunTime:0.000000s ]
[ info ] [ LOG ] INIT File
[ 2018-08-22T14:01:44+08:00 ][ info ] [ CACHE ] INIT File
[ 2018-08-22T14:01:44+08:00 ][ info ] [ BEHAVIOR ] Run Closure @app_init [ RunTime:0.010000s ]
[ 2018-08-22T14:01:44+08:00 ][ info ] [ DB ] INIT mysql
[ 2018-08-22T14:01:44+08:00 ][ info ] [ LANG ] E:\PHPTools\www\shihuixingdong\application\admin\lang/zh-cn.php
[ 2018-08-22T14:01:44+08:00 ][ sql ] [ DB ] CONNECT:[ UseTime:0.004000s ] mysql:host=127.0.0.1;dbname=shihuixingdong;charset=utf8
[ 2018-08-22T14:01:44+08:00 ][ sql ] [ SQL ] SHOW COLUMNS FROM `fa_auth_rule` [ RunTime:0.002000s ]
[ 2018-08-22T14:01:44+08:00 ][ sql ] [ SQL ] SELECT * FROM `fa_auth_rule` WHERE  `name` = 'donation' LIMIT 1 [ RunTime:0.001000s ]
[ 2018-08-22T14:01:44+08:00 ][ sql ] [ SQL ] SELECT `id` FROM `fa_auth_rule` WHERE  `name` = 'donation/index' LIMIT 1 [ RunTime:0.000000s ]
[ 2018-08-22T14:01:44+08:00 ][ sql ] [ SQL ] SELECT `id` FROM `fa_auth_rule` WHERE  `name` = 'donation/add' LIMIT 1 [ RunTime:0.000000s ]
[ 2018-08-22T14:01:44+08:00 ][ sql ] [ SQL ] SELECT `id` FROM `fa_auth_rule` WHERE  `name` = 'donation/edit' LIMIT 1 [ RunTime:0.000000s ]
[ 2018-08-22T14:01:44+08:00 ][ sql ] [ SQL ] SELECT `id` FROM `fa_auth_rule` WHERE  `name` = 'donation/del' LIMIT 1 [ RunTime:0.002001s ]
[ 2018-08-22T14:01:44+08:00 ][ sql ] [ SQL ] SELECT `id` FROM `fa_auth_rule` WHERE  `name` = 'donation/multi' LIMIT 1 [ RunTime:0.001000s ]
[ 2018-08-22T14:01:44+08:00 ][ sql ] [ SQL ] UPDATE `fa_auth_rule`  SET `pid`=123,`name`='donation/index',`icon`='fa fa-circle-o',`title`='查看',`ismenu`=0,`status`='normal',`updatetime`=1534917704  WHERE  `id` = 124 [ RunTime:0.080005s ]
[ 2018-08-22T14:01:44+08:00 ][ sql ] [ SQL ] UPDATE `fa_auth_rule`  SET `pid`=123,`name`='donation/add',`icon`='fa fa-circle-o',`title`='添加',`ismenu`=0,`status`='normal',`updatetime`=1534917704  WHERE  `id` = 125 [ RunTime:0.001000s ]
[ 2018-08-22T14:01:44+08:00 ][ sql ] [ SQL ] UPDATE `fa_auth_rule`  SET `pid`=123,`name`='donation/edit',`icon`='fa fa-circle-o',`title`='编辑',`ismenu`=0,`status`='normal',`updatetime`=1534917704  WHERE  `id` = 126 [ RunTime:0.001000s ]
[ 2018-08-22T14:01:44+08:00 ][ sql ] [ SQL ] UPDATE `fa_auth_rule`  SET `pid`=123,`name`='donation/del',`icon`='fa fa-circle-o',`title`='删除',`ismenu`=0,`status`='normal',`updatetime`=1534917704  WHERE  `id` = 127 [ RunTime:0.001001s ]
[ 2018-08-22T14:01:44+08:00 ][ sql ] [ SQL ] UPDATE `fa_auth_rule`  SET `pid`=123,`name`='donation/multi',`icon`='fa fa-circle-o',`title`='批量更新',`ismenu`=0,`status`='normal',`updatetime`=1534917704  WHERE  `id` = 128 [ RunTime:0.001000s ]
[ 2018-08-22T17:18:12+08:00 ][ info ] [ BEHAVIOR ] Run Closure @app_init [ RunTime:0.000000s ]
[ info ] [ LOG ] INIT File
[ 2018-08-22T17:18:12+08:00 ][ info ] [ CACHE ] INIT File
[ 2018-08-22T17:18:12+08:00 ][ info ] [ BEHAVIOR ] Run Closure @app_init [ RunTime:0.010000s ]
[ 2018-08-22T17:18:12+08:00 ][ info ] [ DB ] INIT mysql
[ 2018-08-22T17:18:12+08:00 ][ sql ] [ DB ] CONNECT:[ UseTime:0.008000s ] mysql:host=127.0.0.1;dbname=shihuixingdong;charset=utf8
[ 2018-08-22T17:18:12+08:00 ][ sql ] [ SQL ] SHOW TABLE STATUS LIKE 'situation' [ RunTime:0.023001s ]
[ 2018-08-22T17:18:12+08:00 ][ sql ] [ SQL ] SHOW TABLE STATUS LIKE 'fa_situation' [ RunTime:0.088005s ]
[ 2018-08-22T17:18:12+08:00 ][ sql ] [ SQL ] SELECT * FROM `information_schema`.`columns` WHERE TABLE_SCHEMA = 'shihuixingdong' AND table_name = 'fa_situation' ORDER BY ORDINAL_POSITION [ RunTime:0.002000s ]
[ 2018-08-22T18:00:23+08:00 ][ info ] [ BEHAVIOR ] Run Closure @app_init [ RunTime:0.000000s ]
[ info ] [ LOG ] INIT File
[ 2018-08-22T18:00:23+08:00 ][ info ] [ CACHE ] INIT File
[ 2018-08-22T18:00:23+08:00 ][ info ] [ BEHAVIOR ] Run Closure @app_init [ RunTime:0.011001s ]
[ 2018-08-22T18:00:23+08:00 ][ info ] [ DB ] INIT mysql
[ 2018-08-22T18:00:23+08:00 ][ sql ] [ DB ] CONNECT:[ UseTime:0.003000s ] mysql:host=127.0.0.1;dbname=shihuixingdong;charset=utf8
[ 2018-08-22T18:00:23+08:00 ][ sql ] [ SQL ] SHOW TABLE STATUS LIKE 'situation' [ RunTime:0.002001s ]
[ 2018-08-22T18:00:23+08:00 ][ sql ] [ SQL ] SHOW TABLE STATUS LIKE 'fa_situation' [ RunTime:0.034002s ]
[ 2018-08-22T18:03:55+08:00 ][ info ] [ BEHAVIOR ] Run Closure @app_init [ RunTime:0.000000s ]
[ info ] [ LOG ] INIT File
[ 2018-08-22T18:03:55+08:00 ][ info ] [ CACHE ] INIT File
[ 2018-08-22T18:03:55+08:00 ][ info ] [ BEHAVIOR ] Run Closure @app_init [ RunTime:0.009001s ]
[ 2018-08-22T18:03:55+08:00 ][ info ] [ DB ] INIT mysql
[ 2018-08-22T18:03:55+08:00 ][ sql ] [ DB ] CONNECT:[ UseTime:0.003000s ] mysql:host=127.0.0.1;dbname=shihuixingdong;charset=utf8
[ 2018-08-22T18:03:55+08:00 ][ sql ] [ SQL ] SHOW TABLE STATUS LIKE 'student_situation' [ RunTime:0.014001s ]
[ 2018-08-22T18:03:55+08:00 ][ sql ] [ SQL ] SHOW TABLE STATUS LIKE 'fa_student_situation' [ RunTime:0.033002s ]
[ 2018-08-22T18:03:55+08:00 ][ sql ] [ SQL ] SELECT * FROM `information_schema`.`columns` WHERE TABLE_SCHEMA = 'shihuixingdong' AND table_name = 'fa_student_situation' ORDER BY ORDINAL_POSITION [ RunTime:0.001000s ]
