[ 2018-08-23T11:33:09+08:00 ][ info ] [ BEHAVIOR ] Run Closure @app_init [ RunTime:0.001000s ]
[ info ] [ LOG ] INIT File
[ 2018-08-23T11:33:09+08:00 ][ info ] [ CACHE ] INIT File
[ 2018-08-23T11:33:09+08:00 ][ info ] [ BEHAVIOR ] Run Closure @app_init [ RunTime:0.019001s ]
[ 2018-08-23T11:33:09+08:00 ][ info ] [ DB ] INIT mysql
[ 2018-08-23T11:33:09+08:00 ][ info ] [ LANG ] E:\PHPTools\www\shihuixingdong\application\admin\lang/zh-cn.php
[ 2018-08-23T11:33:09+08:00 ][ sql ] [ DB ] CONNECT:[ UseTime:0.008000s ] mysql:host=127.0.0.1;dbname=shihuixingdong;charset=utf8
[ 2018-08-23T11:33:09+08:00 ][ sql ] [ SQL ] SHOW COLUMNS FROM `fa_auth_rule` [ RunTime:0.003001s ]
[ 2018-08-23T11:33:09+08:00 ][ sql ] [ SQL ] SELECT * FROM `fa_auth_rule` WHERE  `name` = 'studentsituation' LIMIT 1 [ RunTime:0.002000s ]
[ 2018-08-23T11:33:09+08:00 ][ sql ] [ SQL ] INSERT INTO `fa_auth_rule` (`pid` , `name` , `title` , `icon` , `remark` , `ismenu` , `status` , `createtime` , `updatetime`) VALUES (0 , 'studentsituation' , '学生近况' , 'fa fa-circle-o' , '' , 1 , 'normal' , 1534995189 , 1534995189) [ RunTime:0.053003s ]
[ 2018-08-23T11:33:09+08:00 ][ sql ] [ SQL ] SELECT `id` FROM `fa_auth_rule` WHERE  `name` = 'studentsituation/index' LIMIT 1 [ RunTime:0.003001s ]
[ 2018-08-23T11:33:09+08:00 ][ sql ] [ SQL ] SELECT `id` FROM `fa_auth_rule` WHERE  `name` = 'studentsituation/add' LIMIT 1 [ RunTime:0.003000s ]
[ 2018-08-23T11:33:09+08:00 ][ sql ] [ SQL ] SELECT `id` FROM `fa_auth_rule` WHERE  `name` = 'studentsituation/edit' LIMIT 1 [ RunTime:0.002000s ]
[ 2018-08-23T11:33:09+08:00 ][ sql ] [ SQL ] SELECT `id` FROM `fa_auth_rule` WHERE  `name` = 'studentsituation/del' LIMIT 1 [ RunTime:0.002001s ]
[ 2018-08-23T11:33:09+08:00 ][ sql ] [ SQL ] SELECT `id` FROM `fa_auth_rule` WHERE  `name` = 'studentsituation/multi' LIMIT 1 [ RunTime:0.002000s ]
[ 2018-08-23T11:33:09+08:00 ][ sql ] [ SQL ] UPDATE `fa_auth_rule`  SET `pid`=130,`name`='studentsituation/index',`icon`='fa fa-circle-o',`title`='默认生成的控制器所继承的父类中有index/add/edit/del/multi五个基础方法、destroy/restore/recyclebin三个回收站方法因此在当前控制器中可不用编写增删改查的代码,除非需要自己控制这部分逻辑需要将application/admin/library/traits/Backend.php中对应的方法复制到当前控制器,然后进行修改',`ismenu`=0,`status`='normal',`updatetime`=1534995189  WHERE  `id` = 129 [ RunTime:0.049003s ]
[ 2018-08-23T11:33:09+08:00 ][ sql ] [ SQL ] INSERT INTO `fa_auth_rule` (`id` , `pid` , `name` , `icon` , `title` , `ismenu` , `status` , `createtime` , `updatetime`) VALUES (NULL , 130 , 'studentsituation/add' , 'fa fa-circle-o' , 'Add' , 0 , 'normal' , 1534995189 , 1534995189) [ RunTime:0.010000s ]
[ 2018-08-23T11:33:09+08:00 ][ sql ] [ SQL ] INSERT INTO `fa_auth_rule` (`id` , `pid` , `name` , `icon` , `title` , `ismenu` , `status` , `createtime` , `updatetime`) VALUES (NULL , 130 , 'studentsituation/edit' , 'fa fa-circle-o' , '编辑' , 0 , 'normal' , 1534995189 , 1534995189) [ RunTime:0.001000s ]
[ 2018-08-23T11:33:09+08:00 ][ sql ] [ SQL ] INSERT INTO `fa_auth_rule` (`id` , `pid` , `name` , `icon` , `title` , `ismenu` , `status` , `createtime` , `updatetime`) VALUES (NULL , 130 , 'studentsituation/del' , 'fa fa-circle-o' , '删除' , 0 , 'normal' , 1534995189 , 1534995189) [ RunTime:0.001000s ]
[ 2018-08-23T11:33:09+08:00 ][ sql ] [ SQL ] INSERT INTO `fa_auth_rule` (`id` , `pid` , `name` , `icon` , `title` , `ismenu` , `status` , `createtime` , `updatetime`) VALUES (NULL , 130 , 'studentsituation/multi' , 'fa fa-circle-o' , '批量更新' , 0 , 'normal' , 1534995189 , 1534995189) [ RunTime:0.001000s ]
